{"/Users/pedroapfilho/dev/iso-3166-utils/src/country/index.ts": {"path":"/Users/pedroapfilho/dev/iso-3166-utils/src/country/index.ts","all":false,"statementMap":{"0":{"start":{"line":1,"column":0},"end":{"line":1,"column":47}},"2":{"start":{"line":3,"column":0},"end":{"line":3,"column":39}},"3":{"start":{"line":4,"column":0},"end":{"line":4,"column":76}},"4":{"start":{"line":5,"column":0},"end":{"line":5,"column":2}},"6":{"start":{"line":7,"column":0},"end":{"line":7,"column":43}},"7":{"start":{"line":8,"column":0},"end":{"line":8,"column":80}},"8":{"start":{"line":9,"column":0},"end":{"line":9,"column":2}},"10":{"start":{"line":11,"column":0},"end":{"line":11,"column":43}},"11":{"start":{"line":12,"column":0},"end":{"line":12,"column":80}},"12":{"start":{"line":13,"column":0},"end":{"line":13,"column":2}},"14":{"start":{"line":15,"column":0},"end":{"line":15,"column":39}},"15":{"start":{"line":16,"column":0},"end":{"line":16,"column":76}},"16":{"start":{"line":17,"column":0},"end":{"line":17,"column":2}},"18":{"start":{"line":19,"column":0},"end":{"line":19,"column":13}},"23":{"start":{"line":24,"column":0},"end":{"line":24,"column":16}},"25":{"start":{"line":26,"column":0},"end":{"line":26,"column":17}},"26":{"start":{"line":27,"column":0},"end":{"line":27,"column":14}},"27":{"start":{"line":28,"column":0},"end":{"line":28,"column":16}},"28":{"start":{"line":29,"column":0},"end":{"line":29,"column":16}},"29":{"start":{"line":30,"column":0},"end":{"line":30,"column":14}},"30":{"start":{"line":31,"column":0},"end":{"line":31,"column":7}},"31":{"start":{"line":32,"column":0},"end":{"line":32,"column":2}}},"s":{"0":1,"2":1,"3":3,"4":3,"6":1,"7":1,"8":1,"10":1,"11":1,"12":1,"14":1,"15":1,"16":1,"18":1,"23":1,"25":1,"26":1,"27":1,"28":1,"29":1,"30":1,"31":1},"branchMap":{"0":{"type":"branch","line":3,"loc":{"start":{"line":3,"column":20},"end":{"line":5,"column":2}},"locations":[{"start":{"line":3,"column":20},"end":{"line":5,"column":2}}]},"1":{"type":"branch","line":4,"loc":{"start":{"line":4,"column":24},"end":{"line":4,"column":74}},"locations":[{"start":{"line":4,"column":24},"end":{"line":4,"column":74}}]},"2":{"type":"branch","line":7,"loc":{"start":{"line":7,"column":22},"end":{"line":9,"column":2}},"locations":[{"start":{"line":7,"column":22},"end":{"line":9,"column":2}}]},"3":{"type":"branch","line":8,"loc":{"start":{"line":8,"column":24},"end":{"line":8,"column":78}},"locations":[{"start":{"line":8,"column":24},"end":{"line":8,"column":78}}]},"4":{"type":"branch","line":11,"loc":{"start":{"line":11,"column":22},"end":{"line":13,"column":2}},"locations":[{"start":{"line":11,"column":22},"end":{"line":13,"column":2}}]},"5":{"type":"branch","line":12,"loc":{"start":{"line":12,"column":24},"end":{"line":12,"column":78}},"locations":[{"start":{"line":12,"column":24},"end":{"line":12,"column":78}}]},"6":{"type":"branch","line":15,"loc":{"start":{"line":15,"column":20},"end":{"line":17,"column":2}},"locations":[{"start":{"line":15,"column":20},"end":{"line":17,"column":2}}]},"7":{"type":"branch","line":16,"loc":{"start":{"line":16,"column":24},"end":{"line":16,"column":74}},"locations":[{"start":{"line":16,"column":24},"end":{"line":16,"column":74}}]}},"b":{"0":[3],"1":[251],"2":[1],"3":[1],"4":[1],"5":[1],"6":[1],"7":[1]},"fnMap":{"0":{"name":"getFromName","decl":{"start":{"line":3,"column":20},"end":{"line":5,"column":2}},"loc":{"start":{"line":3,"column":20},"end":{"line":5,"column":2}},"line":3},"1":{"name":"getFromAlpha2","decl":{"start":{"line":7,"column":22},"end":{"line":9,"column":2}},"loc":{"start":{"line":7,"column":22},"end":{"line":9,"column":2}},"line":7},"2":{"name":"getFromAlpha3","decl":{"start":{"line":11,"column":22},"end":{"line":13,"column":2}},"loc":{"start":{"line":11,"column":22},"end":{"line":13,"column":2}},"line":11},"3":{"name":"getFromCode","decl":{"start":{"line":15,"column":20},"end":{"line":17,"column":2}},"loc":{"start":{"line":15,"column":20},"end":{"line":17,"column":2}},"line":15}},"f":{"0":3,"1":1,"2":1,"3":1}}
,"/Users/pedroapfilho/dev/iso-3166-utils/src/subdivision/index.ts": {"path":"/Users/pedroapfilho/dev/iso-3166-utils/src/subdivision/index.ts","all":false,"statementMap":{"0":{"start":{"line":1,"column":0},"end":{"line":1,"column":46}},"1":{"start":{"line":2,"column":0},"end":{"line":2,"column":80}},"7":{"start":{"line":8,"column":0},"end":{"line":8,"column":41}},"8":{"start":{"line":9,"column":0},"end":{"line":9,"column":80}},"9":{"start":{"line":10,"column":0},"end":{"line":10,"column":4}},"11":{"start":{"line":12,"column":0},"end":{"line":12,"column":41}},"12":{"start":{"line":13,"column":0},"end":{"line":13,"column":80}},"13":{"start":{"line":14,"column":0},"end":{"line":14,"column":4}},"15":{"start":{"line":16,"column":0},"end":{"line":16,"column":10}},"16":{"start":{"line":17,"column":0},"end":{"line":17,"column":16}},"17":{"start":{"line":18,"column":0},"end":{"line":18,"column":16}},"18":{"start":{"line":19,"column":0},"end":{"line":19,"column":22}},"19":{"start":{"line":20,"column":0},"end":{"line":20,"column":4}},"20":{"start":{"line":21,"column":0},"end":{"line":21,"column":2}}},"s":{"0":1,"1":4,"7":4,"8":3,"9":3,"11":4,"12":1,"13":1,"15":4,"16":4,"17":4,"18":4,"19":4,"20":4},"branchMap":{"0":{"type":"branch","line":1,"loc":{"start":{"line":1,"column":20},"end":{"line":21,"column":2}},"locations":[{"start":{"line":1,"column":20},"end":{"line":21,"column":2}}]},"1":{"type":"branch","line":8,"loc":{"start":{"line":8,"column":22},"end":{"line":10,"column":4}},"locations":[{"start":{"line":8,"column":22},"end":{"line":10,"column":4}}]},"2":{"type":"branch","line":9,"loc":{"start":{"line":9,"column":28},"end":{"line":9,"column":78}},"locations":[{"start":{"line":9,"column":28},"end":{"line":9,"column":78}}]},"3":{"type":"branch","line":12,"loc":{"start":{"line":12,"column":22},"end":{"line":14,"column":4}},"locations":[{"start":{"line":12,"column":22},"end":{"line":14,"column":4}}]},"4":{"type":"branch","line":13,"loc":{"start":{"line":13,"column":28},"end":{"line":13,"column":78}},"locations":[{"start":{"line":13,"column":28},"end":{"line":13,"column":78}}]}},"b":{"0":[4],"1":[3],"2":[67],"3":[1],"4":[2]},"fnMap":{"0":{"name":"subdivision","decl":{"start":{"line":1,"column":20},"end":{"line":21,"column":2}},"loc":{"start":{"line":1,"column":20},"end":{"line":21,"column":2}},"line":1},"1":{"name":"getFromName","decl":{"start":{"line":8,"column":22},"end":{"line":10,"column":4}},"loc":{"start":{"line":8,"column":22},"end":{"line":10,"column":4}},"line":8},"2":{"name":"getFromCode","decl":{"start":{"line":12,"column":22},"end":{"line":14,"column":4}},"loc":{"start":{"line":12,"column":22},"end":{"line":14,"column":4}},"line":12}},"f":{"0":4,"1":3,"2":1}}
}
